{
  "RSpec": {
    "coverage": {
      "/Users/cartergraves/dev/devslist/spec/controllers/for_sale_controller_spec.rb": [
        1,
        null,
        1,
        null,
        1,
        1,
        1,
        1,
        null,
        null,
        null,
        null
      ],
      "/Users/cartergraves/dev/devslist/spec/rails_helper.rb": [
        null,
        1,
        1,
        null,
        1,
        1,
        1,
        null,
        null,
        null,
        null,
        null,
        null,
        null,
        null,
        null,
        null,
        null,
        null,
        null,
        null,
        null,
        null,
        null,
        null,
        null,
        1,
        null,
        1,
        null,
        1,
        null,
        null,
        null,
        null,
        1,
        null,
        null,
        null,
        null,
        null,
        null,
        null,
        null,
        null,
        null,
        null,
        null,
        null,
        null,
        1,
        null
      ],
      "/Users/cartergraves/dev/devslist/config/environment.rb": [
        null,
        1,
        null,
        null,
        1
      ],
      "/Users/cartergraves/dev/devslist/config/application.rb": [
        1,
        null,
        1,
        null,
        null,
        null,
        1,
        null,
        1,
        1,
        null,
        null,
        null,
        null,
        null,
        null,
        null,
        null,
        null,
        null,
        null,
        null,
        null,
        1,
        null,
        null
      ],
      "/Users/cartergraves/dev/devslist/config/boot.rb": [
        1,
        null,
        1
      ],
      "/Users/cartergraves/dev/devslist/config/environments/test.rb": [
        1,
        null,
        null,
        null,
        null,
        null,
        null,
        1,
        null,
        null,
        null,
        null,
        1,
        null,
        null,
        1,
        1,
        null,
        null,
        1,
        1,
        null,
        null,
        1,
        null,
        null,
        1,
        null,
        null,
        null,
        null,
        1,
        null,
        null,
        1,
        null,
        null,
        1,
        null,
        null,
        null,
        null
      ],
      "/Users/cartergraves/dev/devslist/config/initializers/assets.rb": [
        null,
        null,
        null,
        1,
        null,
        null,
        null,
        null,
        null,
        null,
        null
      ],
      "/Users/cartergraves/dev/devslist/config/initializers/backtrace_silencers.rb": [
        null,
        null,
        null,
        null,
        null,
        null,
        null
      ],
      "/Users/cartergraves/dev/devslist/config/initializers/cookies_serializer.rb": [
        null,
        null,
        1
      ],
      "/Users/cartergraves/dev/devslist/config/initializers/filter_parameter_logging.rb": [
        null,
        null,
        null,
        1
      ],
      "/Users/cartergraves/dev/devslist/config/initializers/inflections.rb": [
        null,
        null,
        null,
        null,
        null,
        null,
        null,
        null,
        null,
        null,
        null,
        null,
        null,
        null,
        null,
        null
      ],
      "/Users/cartergraves/dev/devslist/config/initializers/mime_types.rb": [
        null,
        null,
        null,
        null
      ],
      "/Users/cartergraves/dev/devslist/config/initializers/session_store.rb": [
        null,
        null,
        1
      ],
      "/Users/cartergraves/dev/devslist/config/initializers/wrap_parameters.rb": [
        null,
        null,
        null,
        null,
        null,
        null,
        1,
        1,
        null,
        null,
        null,
        null,
        null,
        null
      ],
      "/Users/cartergraves/dev/devslist/config/routes.rb": [
        1,
        1,
        null,
        1,
        null,
        1,
        null,
        1,
        null,
        null,
        null,
        null,
        1,
        null,
        null,
        null,
        null,
        null,
        null,
        null,
        null,
        null,
        null,
        null,
        null,
        null,
        null,
        null,
        null,
        null,
        null,
        null,
        null,
        null,
        null,
        null,
        null,
        null,
        null,
        null,
        null,
        null,
        null,
        null,
        null,
        null,
        null,
        null,
        null,
        null,
        null,
        null,
        null,
        null,
        null,
        null,
        null,
        null,
        null,
        null,
        null,
        null,
        null
      ],
      "/Users/cartergraves/dev/devslist/app/helpers/application_helper.rb": [
        1,
        null
      ],
      "/Users/cartergraves/dev/devslist/app/helpers/for_sale_helper.rb": [
        1,
        null
      ],
      "/Users/cartergraves/dev/devslist/app/helpers/jobs_helper.rb": [
        1,
        null
      ],
      "/Users/cartergraves/dev/devslist/app/helpers/listings_helper.rb": [
        1,
        null
      ],
      "/Users/cartergraves/dev/devslist/app/helpers/welcome_helper.rb": [
        1,
        null
      ],
      "/Users/cartergraves/dev/devslist/app/controllers/for_sale_controller.rb": [
        1,
        1,
        1,
        null,
        null
      ],
      "/Users/cartergraves/dev/devslist/app/controllers/application_controller.rb": [
        1,
        null,
        null,
        1,
        null
      ],
      "/Users/cartergraves/dev/devslist/spec/controllers/jobs_controller_spec.rb": [
        1,
        null,
        1,
        null,
        1,
        1,
        1,
        1,
        null,
        null,
        null,
        null
      ],
      "/Users/cartergraves/dev/devslist/app/controllers/jobs_controller.rb": [
        1,
        1,
        1,
        null,
        null
      ],
      "/Users/cartergraves/dev/devslist/spec/controllers/listings_controller_spec.rb": [
        1,
        null,
        1,
        5,
        null,
        1,
        1,
        1,
        1,
        null,
        null,
        1,
        1,
        1,
        1,
        null,
        null,
        null,
        1,
        1,
        null,
        1,
        1,
        null,
        null,
        null,
        1,
        1,
        1,
        1,
        1,
        1,
        1,
        1,
        null,
        null,
        null,
        1,
        1,
        1,
        1,
        null,
        null,
        null,
        1,
        1,
        1,
        1,
        null,
        null,
        null,
        null,
        null,
        1,
        1,
        1,
        1,
        null,
        null,
        null,
        null,
        null,
        null
      ],
      "/Users/cartergraves/dev/devslist/app/controllers/listings_controller.rb": [
        1,
        null,
        1,
        null,
        null,
        null,
        1,
        1,
        null,
        null,
        null,
        null,
        1,
        null,
        null,
        null,
        1,
        1,
        null,
        null,
        null,
        1,
        null,
        null,
        null,
        null,
        1,
        1,
        null,
        1,
        1,
        1,
        2,
        1,
        0,
        0,
        0,
        null,
        null,
        null,
        0,
        0,
        null,
        null,
        null,
        null,
        null,
        null,
        1,
        1,
        1,
        2,
        1,
        null,
        0,
        0,
        null,
        null,
        null,
        null,
        null,
        null,
        1,
        1,
        1,
        2,
        1,
        null,
        null,
        null,
        1,
        null,
        1,
        4,
        null,
        null,
        null,
        1,
        2,
        null,
        null
      ],
      "/Users/cartergraves/dev/devslist/spec/controllers/welcome_controller_spec.rb": [
        1,
        null,
        1,
        null,
        1,
        1,
        1,
        1,
        null,
        null,
        null,
        null
      ],
      "/Users/cartergraves/dev/devslist/app/controllers/welcome_controller.rb": [
        1,
        1,
        1,
        null,
        null
      ],
      "/Users/cartergraves/dev/devslist/spec/helpers/for_sale_helper_spec.rb": [
        1,
        null,
        null,
        null,
        null,
        null,
        null,
        null,
        null,
        null,
        null,
        null,
        1,
        null,
        null
      ],
      "/Users/cartergraves/dev/devslist/spec/helpers/jobs_helper_spec.rb": [
        1,
        null,
        null,
        null,
        null,
        null,
        null,
        null,
        null,
        null,
        null,
        null,
        1,
        null,
        null
      ],
      "/Users/cartergraves/dev/devslist/spec/helpers/welcome_helper_spec.rb": [
        1,
        null,
        null,
        null,
        null,
        null,
        null,
        null,
        null,
        null,
        null,
        null,
        1,
        null,
        null
      ],
      "/Users/cartergraves/dev/devslist/spec/models/listing_spec.rb": [
        1,
        null,
        1,
        null,
        null,
        null,
        null
      ],
      "/Users/cartergraves/dev/devslist/app/models/listing.rb": [
        1,
        null
      ],
      "/Users/cartergraves/dev/devslist/spec/models/welcome_spec.rb": [
        1,
        null,
        1,
        null,
        null
      ],
      "/Users/cartergraves/dev/devslist/app/models/welcome.rb": [
        1,
        null
      ],
      "/Users/cartergraves/dev/devslist/spec/views/for_sale/index.html.erb_spec.rb": [
        1,
        null,
        1,
        null,
        null
      ],
      "/Users/cartergraves/dev/devslist/spec/views/jobs/index.html.erb_spec.rb": [
        1,
        null,
        1,
        null,
        null
      ],
      "/Users/cartergraves/dev/devslist/spec/views/welcome/index.html.erb_spec.rb": [
        1,
        null,
        1,
        null,
        null
      ]
    },
    "timestamp": 1435187176
  }
}
